{"time":"2025-08-27 20:10:50", "level":"Error", "devname":"PoE80A-1", "event":"时钟未同步"}
{"time":"2025-08-27 20:10:50", "level":"Error", "devname":"POE80", "event":"时钟未同步"}
{"time":"2025-08-27 20:10:52", "level":"Error", "devname":"PoE80A-1", "event":"时钟已同步"}
{"time":"2025-08-27 20:10:52", "level":"Error", "devname":"POE80", "event":"时钟已同步"}
{"time":"2025-08-27 20:10:57", "level":"Error", "devname":"CWA2420E", "event":"时钟未同步"}
{"time":"2025-08-27 20:10:57", "level":"Error", "devname":"CWA2420E", "event":"晋升为主时钟"}
{"time":"2025-08-27 20:14:12", "level":"Info", "devname":"CWA2420E", "event":"需要重启"}
{"time":"2025-08-27 20:14:30", "level":"Error", "devname":"PoE80A-1", "event":"晋升为主时钟"}
{"time":"2025-08-27 20:14:30", "level":"Error", "devname":"POE80", "event":"晋升为主时钟"}
{"time":"2025-08-27 20:14:31", "level":"Error", "devname":"POE80", "event":"时钟未同步"}
{"time":"2025-08-27 20:14:31", "level":"Error", "devname":"PoE80A-1", "event":"时钟未同步"}
{"time":"2025-08-27 20:14:31", "level":"Error", "devname":"PoE80A-1", "event":"时钟已同步"}
{"time":"2025-08-27 20:14:31", "level":"Error", "devname":"POE80", "event":"时钟已同步"}
{"time":"2025-08-27 20:14:35", "level":"Error", "devname":"POE80", "event":"时钟未同步"}
{"time":"2025-08-27 20:14:39", "level":"Error", "devname":"POE80", "event":"时钟已同步"}
{"time":"2025-08-27 20:14:41", "level":"Error", "devname":"POE80", "event":"时钟未同步"}
{"time":"2025-08-27 20:14:42", "level":"Error", "devname":"POE80", "event":"时钟已同步"}
{"time":"2025-08-27 20:15:20", "level":"Error", "devname":"PoE80A-1", "event":"时钟未同步"}
{"time":"2025-08-27 20:15:20", "level":"Error", "devname":"POE80", "event":"时钟未同步"}
{"time":"2025-08-27 20:15:22", "level":"Error", "devname":"PoE80A-1", "event":"时钟已同步"}
{"time":"2025-08-27 20:15:22", "level":"Error", "devname":"POE80", "event":"时钟已同步"}
{"time":"2025-08-27 20:15:27", "level":"Error", "devname":"CWA2420E", "event":"时钟未同步"}
{"time":"2025-08-27 20:15:27", "level":"Error", "devname":"CWA2420E", "event":"晋升为主时钟"}
{"time":"2025-08-27 20:15:36", "level":"Error", "devname":"CWA2420E", "event":"时钟未同步"}
{"time":"2025-08-27 20:15:36", "level":"Error", "devname":"POE80", "event":"时钟未同步"}
{"time":"2025-08-27 20:15:36", "level":"Error", "devname":"PoE80A-1", "event":"时钟未同步"}
{"time":"2025-08-27 20:15:36", "level":"Error", "devname":"CWA2420E", "event":"时钟已同步"}
{"time":"2025-08-27 20:15:36", "level":"Error", "devname":"POE80", "event":"时钟已同步"}
{"time":"2025-08-27 20:15:36", "level":"Error", "devname":"PoE80A-1", "event":"时钟已同步"}
{"time":"2025-08-27 20:16:29", "level":"Error", "devname":"CWA2420E", "event":"时钟未同步"}
{"time":"2025-08-27 20:16:29", "level":"Error", "devname":"CWA2420E", "event":"时钟已同步"}
