{"time":"2025-09-15 09:25:22", "level":"Error", "devname":"CWA2420E", "event":"时钟未同步"}
{"time":"2025-09-15 09:25:22", "level":"Error", "devname":"CWA2420E", "event":"晋升为主时钟"}
{"time":"2025-09-15 09:25:22", "level":"Error", "devname":"CWA2420E", "event":"时钟未同步"}
{"time":"2025-09-15 09:25:22", "level":"Error", "devname":"CWA2420E", "event":"时钟已同步"}
{"time":"2025-09-15 09:25:22", "level":"Error", "devname":"08EA16", "event":"时钟未同步"}
{"time":"2025-09-15 09:25:22", "level":"Error", "devname":"08EA16", "event":"时钟已同步"}
{"time":"2025-09-15 09:25:22", "level":"Error", "devname":"POE80B-99EA3E", "event":"时钟未同步"}
{"time":"2025-09-15 09:25:22", "level":"Error", "devname":"POE80B-99EA3E", "event":"晋升为主时钟"}
{"time":"2025-09-15 09:38:55", "level":"Error", "devname":"415A-----797", "event":"时钟未同步"}
{"time":"2025-09-15 09:38:55", "level":"Error", "devname":"415A-----797", "event":"晋升为主时钟"}
{"time":"2025-09-15 09:38:57", "level":"Error", "devname":"08EA16", "event":"时钟未同步"}
{"time":"2025-09-15 09:38:57", "level":"Error", "devname":"POE80B-99EA3E", "event":"时钟未同步"}
{"time":"2025-09-15 09:38:57", "level":"Error", "devname":"CWA2420E", "event":"时钟未同步"}
{"time":"2025-09-15 09:39:02", "level":"Error", "devname":"415A-----797", "event":"时钟未同步"}
{"time":"2025-09-15 09:39:09", "level":"Error", "devname":"CWA2420E", "event":"晋升为主时钟"}
{"time":"2025-09-15 09:39:09", "level":"Error", "devname":"08EA16", "event":"晋升为主时钟"}
{"time":"2025-09-15 09:39:09", "level":"Error", "devname":"POE80B-99EA3E", "event":"晋升为主时钟"}
{"time":"2025-09-15 09:39:11", "level":"Error", "devname":"CWA2420E", "event":"时钟未同步"}
{"time":"2025-09-15 09:39:11", "level":"Error", "devname":"415A-----797", "event":"晋升为主时钟"}
{"time":"2025-09-15 09:39:11", "level":"Error", "devname":"08EA16", "event":"时钟未同步"}
{"time":"2025-09-15 09:39:12", "level":"Error", "devname":"08EA16", "event":"时钟已同步"}
{"time":"2025-09-15 09:39:13", "level":"Error", "devname":"POE80B-99EA3E", "event":"时钟未同步"}
{"time":"2025-09-15 09:39:13", "level":"Error", "devname":"08EA16", "event":"时钟未同步"}
{"time":"2025-09-15 09:39:15", "level":"Error", "devname":"CWA2420E", "event":"时钟已同步"}
{"time":"2025-09-15 09:39:15", "level":"Error", "devname":"POE80B-99EA3E", "event":"时钟已同步"}
{"time":"2025-09-15 09:39:15", "level":"Error", "devname":"08EA16", "event":"时钟已同步"}
{"time":"2025-09-15 09:41:50", "level":"Error", "devname":"POE80B-99EA3E", "event":"时钟未同步"}
{"time":"2025-09-15 09:41:50", "level":"Error", "devname":"POE80B-99EA3E", "event":"时钟已同步"}
{"time":"2025-09-15 09:42:53", "level":"Error", "devname":"POE80B-502F", "event":"时钟未同步"}
{"time":"2025-09-15 09:42:53", "level":"Error", "devname":"POE80B-502F", "event":"时钟已同步"}
{"time":"2025-09-15 09:43:05", "level":"Error", "devname":"CWA2420E", "event":"时钟未同步"}
{"time":"2025-09-15 09:43:05", "level":"Error", "devname":"CWA2420E", "event":"时钟已同步"}
