{"time":"2025-11-07 15:20:27", "level":"Error", "devname":"AES-23587a", "event":"晋升为主时钟"}
{"time":"2025-11-07 15:20:28", "level":"Error", "devname":"AES-23587a", "event":"时钟未同步"}
{"time":"2025-11-07 15:20:28", "level":"Error", "devname":"AES-23587a", "event":"晋升为主时钟"}
{"time":"2025-11-07 15:20:28", "level":"Error", "devname":"AES-23587a", "event":"时钟未同步"}
{"time":"2025-11-07 15:20:28", "level":"Error", "devname":"AES-23587a", "event":"时钟已同步"}
{"time":"2025-11-07 15:20:28", "level":"Error", "devname":"AES-23587a", "event":"晋升为主时钟"}
{"time":"2025-11-07 15:20:28", "level":"Error", "devname":"AES-23587a", "event":"时钟未同步"}
{"time":"2025-11-07 15:20:28", "level":"Error", "devname":"AES-23587a", "event":"时钟已同步"}
{"time":"2025-11-07 15:20:28", "level":"Error", "devname":"AES-23587a", "event":"时钟未同步"}
{"time":"2025-11-07 15:20:28", "level":"Error", "devname":"AES-23587a", "event":"时钟已同步"}
{"time":"2025-11-07 15:20:58", "level":"Info", "devname":"AES44-22CC20", "event":"需要重启"}
{"time":"2025-11-07 15:21:16", "level":"Error", "devname":"AES-23587a", "event":"晋升为主时钟"}
{"time":"2025-11-07 15:21:22", "level":"Error", "devname":"AES-23587a", "event":"时钟未同步"}
{"time":"2025-11-07 15:21:24", "level":"Error", "devname":"AES-23587a", "event":"时钟已同步"}
{"time":"2025-11-07 15:21:25", "level":"Error", "devname":"AES-23587a", "event":"时钟未同步"}
{"time":"2025-11-07 15:21:26", "level":"Error", "devname":"AES-23587a", "event":"时钟已同步"}
{"time":"2025-11-07 15:21:30", "level":"Error", "devname":"AES04-22CC20", "event":"时钟未同步"}
{"time":"2025-11-07 15:21:30", "level":"Error", "devname":"AES04-22CC20", "event":"晋升为主时钟"}
{"time":"2025-11-07 15:21:48", "level":"Info", "devname":"AES04-22CC20", "event":"需要重启"}
{"time":"2025-11-07 15:22:06", "level":"Error", "devname":"AES-23587a", "event":"晋升为主时钟"}
{"time":"2025-11-07 15:22:10", "level":"Error", "devname":"AES-23587a", "event":"时钟未同步"}
{"time":"2025-11-07 15:22:12", "level":"Error", "devname":"AES-23587a", "event":"时钟已同步"}
{"time":"2025-11-07 15:22:24", "level":"Error", "devname":"AES-23587a", "event":"晋升为主时钟"}
{"time":"2025-11-07 15:22:48", "level":"Error", "devname":"AES04-22CC20", "event":"时钟未同步"}
{"time":"2025-11-07 15:22:48", "level":"Error", "devname":"AES04-22CC20", "event":"晋升为主时钟"}
{"time":"2025-11-07 15:50:43", "level":"Error", "devname":"AES04-22CC20", "event":"时钟未同步"}
{"time":"2025-11-07 15:50:43", "level":"Error", "devname":"AES04-22CC20", "event":"晋升为主时钟"}
{"time":"2025-11-07 16:39:02", "level":"Error", "devname":"AES04-22CC20", "event":"时钟未同步"}
{"time":"2025-11-07 16:39:02", "level":"Error", "devname":"AES04-22CC20", "event":"晋升为主时钟"}
