{"time":"2025-08-27 17:51:19", "level":"Error", "devname":"CWA2420E", "event":"时钟未同步"}
{"time":"2025-08-27 17:51:19", "level":"Error", "devname":"CWA2420E", "event":"晋升为主时钟"}
{"time":"2025-08-27 17:51:19", "level":"Error", "devname":"POE80", "event":"时钟未同步"}
{"time":"2025-08-27 17:51:19", "level":"Error", "devname":"POE80", "event":"晋升为主时钟"}
{"time":"2025-08-27 17:51:19", "level":"Error", "devname":"POE80", "event":"时钟未同步"}
{"time":"2025-08-27 17:51:19", "level":"Error", "devname":"POE80", "event":"时钟已同步"}
{"time":"2025-08-27 17:51:19", "level":"Error", "devname":"POE80", "event":"时钟未同步"}
{"time":"2025-08-27 17:51:19", "level":"Error", "devname":"POE80", "event":"时钟已同步"}
{"time":"2025-08-27 17:51:20", "level":"Error", "devname":"CT-21F2F4", "event":"晋升为主时钟"}
{"time":"2025-08-27 17:51:21", "level":"Error", "devname":"CT-21F2F4", "event":"时钟未同步"}
{"time":"2025-08-27 17:51:22", "level":"Error", "devname":"CT-21F2F4", "event":"时钟已同步"}
{"time":"2025-08-27 17:51:22", "level":"Error", "devname":"CT-21F2F4", "event":"时钟未同步"}
{"time":"2025-08-27 17:51:22", "level":"Error", "devname":"CT-21F2F4", "event":"时钟已同步"}
{"time":"2025-08-27 17:51:22", "level":"Error", "devname":"CT-21F2F4", "event":"时钟未同步"}
{"time":"2025-08-27 17:51:22", "level":"Error", "devname":"CT-21F2F4", "event":"时钟已同步"}
{"time":"2025-08-27 17:55:49", "level":"Error", "devname":"CT-21F2F4", "event":"时钟未同步"}
{"time":"2025-08-27 17:55:49", "level":"Error", "devname":"CT-21F2F4", "event":"时钟已同步"}
{"time":"2025-08-27 17:56:05", "level":"Error", "devname":"POE80", "event":"时钟未同步"}
{"time":"2025-08-27 17:56:05", "level":"Error", "devname":"POE80", "event":"时钟已同步"}
{"time":"2025-08-27 17:58:05", "level":"Error", "devname":"PoE80A-1", "event":"时钟未同步"}
{"time":"2025-08-27 17:58:05", "level":"Error", "devname":"PoE80A-1", "event":"时钟已同步"}
