{"time":"2025-09-13 09:59:02", "level":"Error", "devname":"08EA16", "event":"时钟未同步"}
{"time":"2025-09-13 09:59:02", "level":"Error", "devname":"08EA16", "event":"时钟已同步"}
{"time":"2025-09-13 09:59:02", "level":"Error", "devname":"08EA16", "event":"时钟未同步"}
{"time":"2025-09-13 09:59:02", "level":"Error", "devname":"08EA16", "event":"时钟已同步"}
{"time":"2025-09-13 09:59:02", "level":"Error", "devname":"08EA16", "event":"时钟未同步"}
{"time":"2025-09-13 09:59:02", "level":"Error", "devname":"08EA16", "event":"时钟已同步"}
{"time":"2025-09-13 09:59:02", "level":"Error", "devname":"08EA16", "event":"时钟未同步"}
{"time":"2025-09-13 09:59:02", "level":"Error", "devname":"08EA16", "event":"时钟已同步"}
{"time":"2025-09-13 09:59:02", "level":"Error", "devname":"08EA16", "event":"时钟未同步"}
{"time":"2025-09-13 09:59:02", "level":"Error", "devname":"08EA16", "event":"时钟已同步"}
{"time":"2025-09-13 09:59:02", "level":"Error", "devname":"CWA2420E", "event":"时钟未同步"}
{"time":"2025-09-13 09:59:02", "level":"Error", "devname":"CWA2420E", "event":"时钟已同步"}
{"time":"2025-09-13 09:59:02", "level":"Error", "devname":"CWA2420E", "event":"时钟未同步"}
{"time":"2025-09-13 09:59:02", "level":"Error", "devname":"CWA2420E", "event":"时钟已同步"}
{"time":"2025-09-13 09:59:02", "level":"Error", "devname":"CWA2420E", "event":"时钟未同步"}
{"time":"2025-09-13 09:59:02", "level":"Error", "devname":"CWA2420E", "event":"时钟已同步"}
{"time":"2025-09-13 09:59:02", "level":"Error", "devname":"CWA2420E", "event":"时钟未同步"}
{"time":"2025-09-13 09:59:02", "level":"Error", "devname":"CWA2420E", "event":"时钟已同步"}
{"time":"2025-09-13 09:59:02", "level":"Error", "devname":"CWA2420E", "event":"时钟未同步"}
{"time":"2025-09-13 09:59:02", "level":"Error", "devname":"CWA2420E", "event":"时钟已同步"}
{"time":"2025-09-13 09:59:02", "level":"Error", "devname":"POE80B-99EA3E", "event":"时钟未同步"}
{"time":"2025-09-13 09:59:02", "level":"Error", "devname":"POE80B-99EA3E", "event":"晋升为主时钟"}
{"time":"2025-09-13 09:59:02", "level":"Error", "devname":"POE80B-502F", "event":"时钟未同步"}
{"time":"2025-09-13 09:59:02", "level":"Error", "devname":"POE80B-502F", "event":"晋升为主时钟"}
{"time":"2025-09-13 09:59:02", "level":"Error", "devname":"POE80B-502F", "event":"时钟未同步"}
{"time":"2025-09-13 09:59:02", "level":"Error", "devname":"POE80B-502F", "event":"时钟已同步"}
{"time":"2025-09-13 10:16:10", "level":"Error", "devname":"08EA16", "event":"晋升为主时钟"}
{"time":"2025-09-13 10:16:10", "level":"Error", "devname":"CWA2420E", "event":"晋升为主时钟"}
{"time":"2025-09-13 10:16:12", "level":"Error", "devname":"08EA16", "event":"时钟未同步"}
{"time":"2025-09-13 10:16:13", "level":"Error", "devname":"08EA16", "event":"时钟已同步"}
{"time":"2025-09-13 10:16:13", "level":"Error", "devname":"POE80B-502F", "event":"时钟未同步"}
{"time":"2025-09-13 10:16:13", "level":"Error", "devname":"POE80B-502F", "event":"晋升为主时钟"}
{"time":"2025-09-13 10:16:14", "level":"Error", "devname":"POE80B-502F", "event":"时钟未同步"}
{"time":"2025-09-13 10:16:14", "level":"Error", "devname":"08EA16", "event":"时钟未同步"}
{"time":"2025-09-13 10:16:14", "level":"Error", "devname":"CWA2420E", "event":"时钟未同步"}
{"time":"2025-09-13 10:16:16", "level":"Error", "devname":"CWA2420E", "event":"时钟已同步"}
{"time":"2025-09-13 10:16:16", "level":"Error", "devname":"08EA16", "event":"时钟已同步"}
{"time":"2025-09-13 10:16:16", "level":"Error", "devname":"POE80B-502F", "event":"时钟已同步"}
{"time":"2025-09-13 10:16:18", "level":"Error", "devname":"POE80B-99EA3E", "event":"时钟未同步"}
{"time":"2025-09-13 10:16:18", "level":"Error", "devname":"POE80B-99EA3E", "event":"晋升为主时钟"}
