{"time":"2025-11-07 14:41:52", "level":"Error", "devname":"AES44-22CC20", "event":"时钟未同步"}
{"time":"2025-11-07 14:41:52", "level":"Error", "devname":"AES44-22CC20", "event":"晋升为主时钟"}
{"time":"2025-11-07 14:41:52", "level":"Error", "devname":"AES-23587a", "event":"晋升为主时钟"}
{"time":"2025-11-07 14:41:53", "level":"Error", "devname":"AES-23587a", "event":"时钟未同步"}
{"time":"2025-11-07 14:41:53", "level":"Error", "devname":"AES-23587a", "event":"时钟已同步"}
{"time":"2025-11-07 14:41:53", "level":"Error", "devname":"AES-23587a", "event":"晋升为主时钟"}
{"time":"2025-11-07 14:41:53", "level":"Error", "devname":"AES-23587a", "event":"时钟未同步"}
{"time":"2025-11-07 14:41:53", "level":"Error", "devname":"AES-23587a", "event":"时钟已同步"}
{"time":"2025-11-07 14:41:53", "level":"Error", "devname":"AES-23587a", "event":"晋升为主时钟"}
{"time":"2025-11-07 14:41:53", "level":"Error", "devname":"AES-23587a", "event":"时钟未同步"}
{"time":"2025-11-07 14:41:53", "level":"Error", "devname":"AES-23587a", "event":"时钟已同步"}
{"time":"2025-11-07 14:42:25", "level":"Info", "devname":"AES44-22CC20", "event":"需要重启"}
{"time":"2025-11-07 14:42:44", "level":"Error", "devname":"AES-23587a", "event":"晋升为主时钟"}
{"time":"2025-11-07 14:42:50", "level":"Error", "devname":"AES-23587a", "event":"时钟未同步"}
{"time":"2025-11-07 14:42:52", "level":"Error", "devname":"AES-23587a", "event":"时钟已同步"}
{"time":"2025-11-07 14:42:54", "level":"Error", "devname":"AES-23587a", "event":"时钟未同步"}
{"time":"2025-11-07 14:42:55", "level":"Error", "devname":"AES-23587a", "event":"时钟已同步"}
{"time":"2025-11-07 14:42:58", "level":"Error", "devname":"AES44-22CC20", "event":"时钟未同步"}
{"time":"2025-11-07 14:42:58", "level":"Error", "devname":"AES44-22CC20", "event":"晋升为主时钟"}
{"time":"2025-11-07 14:43:34", "level":"Error", "devname":"AES-23587a", "event":"晋升为主时钟"}
{"time":"2025-11-07 14:43:44", "level":"Error", "devname":"AES-23587a", "event":"时钟未同步"}
{"time":"2025-11-07 14:43:46", "level":"Error", "devname":"AES-23587a", "event":"时钟已同步"}
{"time":"2025-11-07 14:43:51", "level":"Error", "devname":"AES44-22CC20", "event":"时钟未同步"}
{"time":"2025-11-07 14:43:51", "level":"Error", "devname":"AES44-22CC20", "event":"晋升为主时钟"}
