{"time":"2025-10-27 16:04:01", "level":"Error", "devname":"MAP08E_A16", "event":"时钟未同步"}
{"time":"2025-10-27 16:04:01", "level":"Error", "devname":"MAP08E_A16", "event":"时钟已同步"}
{"time":"2025-10-27 16:04:01", "level":"Error", "devname":"MAP08E_A16", "event":"时钟未同步"}
{"time":"2025-10-27 16:04:01", "level":"Error", "devname":"MAP08E_A16", "event":"时钟已同步"}
{"time":"2025-10-27 16:04:01", "level":"Error", "devname":"CWA2420E", "event":"时钟未同步"}
{"time":"2025-10-27 16:04:01", "level":"Error", "devname":"CWA2420E", "event":"时钟已同步"}
{"time":"2025-10-27 16:04:01", "level":"Error", "devname":"CWA2420E", "event":"时钟未同步"}
{"time":"2025-10-27 16:04:01", "level":"Error", "devname":"CWA2420E", "event":"时钟已同步"}
{"time":"2025-10-27 16:04:01", "level":"Error", "devname":"NPA43A_A4", "event":"时钟未同步"}
{"time":"2025-10-27 16:04:01", "level":"Error", "devname":"NPA43A_A4", "event":"晋升为主时钟"}
{"time":"2025-10-27 16:04:01", "level":"Error", "devname":"NPA43A_A4", "event":"时钟未同步"}
{"time":"2025-10-27 16:04:01", "level":"Error", "devname":"NPA43A_A4", "event":"时钟已同步"}
{"time":"2025-10-27 16:04:01", "level":"Error", "devname":"PAS71L-95A2", "event":"时钟未同步"}
{"time":"2025-10-27 16:04:01", "level":"Error", "devname":"PAS71L-95A2", "event":"晋升为主时钟"}
{"time":"2025-10-27 16:04:01", "level":"Error", "devname":"PAS71L-95A2", "event":"时钟未同步"}
{"time":"2025-10-27 16:04:01", "level":"Error", "devname":"PAS71L-95A2", "event":"时钟已同步"}
{"time":"2025-10-27 16:04:01", "level":"Error", "devname":"PAS71L-95A2", "event":"时钟未同步"}
{"time":"2025-10-27 16:04:01", "level":"Error", "devname":"PAS71L-95A2", "event":"时钟已同步"}
{"time":"2025-10-27 16:04:01", "level":"Error", "devname":"PAS71L-9D44", "event":"时钟未同步"}
{"time":"2025-10-27 16:04:01", "level":"Error", "devname":"PAS71L-9D44", "event":"晋升为主时钟"}
