[2026-01-09T09:07:09.733Z] [INFO] Checking system prerequisites...
[2026-01-09T09:07:09.777Z] [INFO] Node.js version 22.19.0 detected
[2026-01-09T09:07:09.975Z] [INFO] npm version 11.5.2 detected
[2026-01-09T09:07:09.976Z] [INFO] All required files found
[2026-01-09T09:07:09.976Z] [INFO] Checking dependencies...
[2026-01-09T09:07:09.976Z] [INFO] Installing dependencies...
[2026-01-09T09:07:10.962Z] [INFO] Dependencies installed successfully
[2026-01-09T09:07:10.964Z] [INFO] Port 8080 is available
[2026-01-09T09:07:10.965Z] [INFO] Starting Amplifier Audio Visualizer on port 8080...
[2026-01-09T09:13:39.775Z] [INFO] Received SIGINT, shutting down gracefully...
[2026-01-09T09:13:41.783Z] [INFO] Goodbye!
[2026-01-09T09:14:02.884Z] [INFO] Checking system prerequisites...
[2026-01-09T09:14:02.933Z] [INFO] Node.js version 22.19.0 detected
[2026-01-09T09:14:03.111Z] [INFO] npm version 11.5.2 detected
[2026-01-09T09:14:03.111Z] [INFO] All required files found
[2026-01-09T09:14:03.111Z] [INFO] Checking dependencies...
[2026-01-09T09:14:03.112Z] [INFO] Installing dependencies...
[2026-01-09T09:14:04.094Z] [INFO] Dependencies installed successfully
[2026-01-09T09:14:04.096Z] [INFO] Port 8080 is available
[2026-01-09T09:14:04.097Z] [INFO] Starting Amplifier Audio Visualizer on port 8080...
[2026-01-09T09:14:27.256Z] [INFO] Received SIGTERM, shutting down gracefully...
[2026-01-09T09:14:29.260Z] [INFO] Goodbye!
[2026-01-09T09:17:02.068Z] [INFO] Checking system prerequisites...
[2026-01-09T09:17:02.107Z] [INFO] Node.js version 22.19.0 detected
[2026-01-09T09:17:02.242Z] [INFO] npm version 11.5.2 detected
[2026-01-09T09:17:02.242Z] [INFO] All required files found
[2026-01-09T09:17:02.242Z] [INFO] Checking dependencies...
[2026-01-09T09:17:02.242Z] [INFO] Installing dependencies...
[2026-01-09T09:17:03.243Z] [INFO] Dependencies installed successfully
[2026-01-09T09:17:03.246Z] [INFO] Port 8080 is available
[2026-01-09T09:17:03.247Z] [INFO] Starting Amplifier Audio Visualizer on port 8080...
[2026-01-09T09:19:33.636Z] [INFO] Checking system prerequisites...
[2026-01-09T09:19:33.674Z] [INFO] Node.js version 22.19.0 detected
[2026-01-09T09:19:33.812Z] [INFO] npm version 11.5.2 detected
[2026-01-09T09:19:33.812Z] [INFO] All required files found
[2026-01-09T09:19:33.813Z] [INFO] Checking dependencies...
[2026-01-09T09:19:33.813Z] [INFO] Installing dependencies...
[2026-01-09T09:19:34.685Z] [INFO] Dependencies installed successfully
[2026-01-09T09:19:34.689Z] [INFO] Port 8080 is available
[2026-01-09T09:19:34.689Z] [INFO] Starting Amplifier Audio Visualizer on port 8080...
[2026-01-09T09:19:35.793Z] [INFO] Browser opened automatically at: http://localhost:8080
[2026-01-09T09:19:56.528Z] [INFO] Received SIGINT, shutting down gracefully...
[2026-01-09T09:19:58.530Z] [INFO] Goodbye!
[2026-01-10T03:22:07.147Z] [INFO] Checking system prerequisites...
[2026-01-10T03:22:07.207Z] [INFO] Node.js version 22.19.0 detected
[2026-01-10T03:22:07.456Z] [INFO] npm version 11.5.2 detected
[2026-01-10T03:22:07.456Z] [INFO] All required files found
[2026-01-10T03:22:07.456Z] [INFO] Checking dependencies...
[2026-01-10T03:22:07.456Z] [INFO] Installing dependencies...
[2026-01-10T03:22:08.488Z] [INFO] Dependencies installed successfully
[2026-01-10T03:22:08.490Z] [INFO] Port 8080 is available
[2026-01-10T03:22:08.490Z] [INFO] Starting Amplifier Audio Visualizer on port 8080...
[2026-01-10T03:22:09.738Z] [INFO] Browser opened automatically at: http://localhost:8080
[2026-01-10T03:24:06.412Z] [INFO] Received SIGTERM, shutting down gracefully...
[2026-01-10T03:24:08.419Z] [INFO] Goodbye!
[2026-01-10T03:24:11.593Z] [INFO] Checking system prerequisites...
[2026-01-10T03:24:11.646Z] [INFO] Node.js version 22.19.0 detected
[2026-01-10T03:24:11.830Z] [INFO] npm version 11.5.2 detected
[2026-01-10T03:24:11.830Z] [INFO] All required files found
[2026-01-10T03:24:11.830Z] [INFO] Checking dependencies...
[2026-01-10T03:24:11.830Z] [INFO] Installing dependencies...
[2026-01-10T03:24:12.708Z] [INFO] Dependencies installed successfully
[2026-01-10T03:24:12.711Z] [INFO] Port 8080 is available
[2026-01-10T03:24:12.711Z] [INFO] Starting Amplifier Audio Visualizer on port 8080...
[2026-01-10T03:24:13.928Z] [INFO] Browser opened automatically at: http://localhost:8080
[2026-01-10T03:26:14.567Z] [INFO] Received SIGINT, shutting down gracefully...
[2026-01-10T03:26:16.572Z] [INFO] Goodbye!
[2026-01-10T03:40:30.393Z] [INFO] Checking system prerequisites...
[2026-01-10T03:40:30.437Z] [INFO] Node.js version 22.19.0 detected
[2026-01-10T03:40:30.634Z] [INFO] npm version 11.5.2 detected
[2026-01-10T03:40:30.634Z] [INFO] All required files found
[2026-01-10T03:40:30.634Z] [INFO] Checking dependencies...
[2026-01-10T03:40:30.634Z] [INFO] Installing dependencies...
[2026-01-10T03:40:32.745Z] [INFO] Dependencies installed successfully
[2026-01-10T03:40:32.747Z] [INFO] Port 8080 is available
[2026-01-10T03:40:32.748Z] [INFO] Starting Amplifier Audio Visualizer on port 8080...
[2026-01-10T03:40:33.921Z] [INFO] Browser opened automatically at: http://localhost:8080
[2026-01-10T03:43:04.708Z] [INFO] Received SIGINT, shutting down gracefully...
[2026-01-10T03:43:06.712Z] [INFO] Goodbye!
[2026-01-10T03:47:40.484Z] [INFO] Checking system prerequisites...
[2026-01-10T03:47:40.526Z] [INFO] Node.js version 22.19.0 detected
[2026-01-10T03:47:40.689Z] [INFO] npm version 11.5.2 detected
[2026-01-10T03:47:40.689Z] [INFO] All required files found
[2026-01-10T03:47:40.689Z] [INFO] Checking dependencies...
[2026-01-10T03:47:40.690Z] [INFO] Installing dependencies...
[2026-01-10T03:47:42.649Z] [INFO] Dependencies installed successfully
[2026-01-10T03:47:42.652Z] [INFO] Port 8080 is available
[2026-01-10T03:47:42.652Z] [INFO] Starting Amplifier Audio Visualizer on port 8080...
[2026-01-10T03:47:43.936Z] [INFO] Browser opened automatically at: http://localhost:8080
[2026-01-10T03:48:04.776Z] [INFO] Received SIGTERM, shutting down gracefully...
[2026-01-10T03:48:06.777Z] [INFO] Goodbye!
[2026-01-10T03:48:10.279Z] [INFO] Checking system prerequisites...
[2026-01-10T03:48:10.314Z] [INFO] Node.js version 22.19.0 detected
[2026-01-10T03:48:10.439Z] [INFO] npm version 11.5.2 detected
[2026-01-10T03:48:10.439Z] [INFO] All required files found
[2026-01-10T03:48:10.440Z] [INFO] Checking dependencies...
[2026-01-10T03:48:10.440Z] [INFO] Installing dependencies...
[2026-01-10T03:48:12.041Z] [INFO] Dependencies installed successfully
[2026-01-10T03:48:12.042Z] [INFO] Port 8080 is available
[2026-01-10T03:48:12.042Z] [INFO] Starting Amplifier Audio Visualizer on port 8080...
[2026-01-10T03:48:13.213Z] [INFO] Browser opened automatically at: http://localhost:8080
[2026-01-10T03:49:35.108Z] [INFO] Received SIGINT, shutting down gracefully...
[2026-01-14T03:54:07.409Z] [INFO] Checking system prerequisites...
[2026-01-14T03:54:07.449Z] [INFO] Node.js version 22.19.0 detected
[2026-01-14T03:54:07.643Z] [INFO] npm version 11.5.2 detected
[2026-01-14T03:54:07.643Z] [INFO] All required files found
[2026-01-14T03:54:07.644Z] [INFO] Checking dependencies...
[2026-01-14T03:54:07.644Z] [INFO] Installing dependencies...
[2026-01-14T03:54:08.881Z] [INFO] Dependencies installed successfully
[2026-01-14T03:54:08.883Z] [INFO] Port 8080 is available
[2026-01-14T03:54:08.884Z] [INFO] Starting Amplifier Audio Visualizer on port 8080...
[2026-01-14T03:54:10.108Z] [INFO] Browser opened automatically at: http://localhost:8080
[2026-01-14T04:00:30.696Z] [INFO] Received SIGTERM, shutting down gracefully...
[2026-01-14T04:00:32.701Z] [INFO] Goodbye!
[2026-01-14T04:00:47.339Z] [INFO] Checking system prerequisites...
[2026-01-14T04:00:47.386Z] [INFO] Node.js version 22.19.0 detected
[2026-01-14T04:00:47.611Z] [INFO] npm version 11.5.2 detected
[2026-01-14T04:00:47.611Z] [INFO] All required files found
[2026-01-14T04:00:47.611Z] [INFO] Checking dependencies...
[2026-01-14T04:00:47.612Z] [INFO] Installing dependencies...
[2026-01-14T04:00:48.765Z] [INFO] Dependencies installed successfully
[2026-01-14T04:00:48.768Z] [INFO] Port 8080 is available
[2026-01-14T04:00:48.768Z] [INFO] Starting Amplifier Audio Visualizer on port 8080...
[2026-01-14T04:00:49.970Z] [INFO] Browser opened automatically at: http://localhost:8080
[2026-01-14T04:03:05.550Z] [INFO] Received SIGTERM, shutting down gracefully...
[2026-01-14T04:03:07.558Z] [INFO] Goodbye!
[2026-01-14T04:03:09.716Z] [INFO] Checking system prerequisites...
[2026-01-14T04:03:09.774Z] [INFO] Node.js version 22.19.0 detected
[2026-01-14T04:03:09.990Z] [INFO] npm version 11.5.2 detected
[2026-01-14T04:03:09.990Z] [INFO] All required files found
[2026-01-14T04:03:09.990Z] [INFO] Checking dependencies...
[2026-01-14T04:03:09.991Z] [INFO] Installing dependencies...
[2026-01-14T04:03:11.012Z] [INFO] Dependencies installed successfully
[2026-01-14T04:03:11.015Z] [INFO] Port 8080 is available
[2026-01-14T04:03:11.015Z] [INFO] Starting Amplifier Audio Visualizer on port 8080...
[2026-01-14T04:03:12.263Z] [INFO] Browser opened automatically at: http://localhost:8080
[2026-01-14T04:08:37.381Z] [INFO] Received SIGTERM, shutting down gracefully...
[2026-01-14T04:08:39.394Z] [INFO] Goodbye!
[2026-01-14T04:08:42.257Z] [INFO] Checking system prerequisites...
[2026-01-14T04:08:42.322Z] [INFO] Node.js version 22.19.0 detected
[2026-01-14T04:08:42.628Z] [INFO] npm version 11.5.2 detected
[2026-01-14T04:08:42.629Z] [INFO] All required files found
[2026-01-14T04:08:42.629Z] [INFO] Checking dependencies...
[2026-01-14T04:08:42.629Z] [INFO] Installing dependencies...
[2026-01-14T04:08:44.195Z] [INFO] Dependencies installed successfully
[2026-01-14T04:08:44.199Z] [INFO] Port 8080 is available
[2026-01-14T04:08:44.199Z] [INFO] Starting Amplifier Audio Visualizer on port 8080...
[2026-01-14T04:08:45.455Z] [INFO] Browser opened automatically at: http://localhost:8080
[2026-01-14T04:11:22.041Z] [INFO] Received SIGTERM, shutting down gracefully...
[2026-01-14T04:11:24.054Z] [INFO] Goodbye!
[2026-01-14T04:11:29.023Z] [INFO] Checking system prerequisites...
[2026-01-14T04:11:29.075Z] [INFO] Node.js version 22.19.0 detected
[2026-01-14T04:11:29.424Z] [INFO] npm version 11.5.2 detected
[2026-01-14T04:11:29.424Z] [INFO] All required files found
[2026-01-14T04:11:29.424Z] [INFO] Checking dependencies...
[2026-01-14T04:11:29.424Z] [INFO] Installing dependencies...
[2026-01-14T04:11:30.635Z] [INFO] Dependencies installed successfully
[2026-01-14T04:11:30.637Z] [INFO] Port 8080 is available
[2026-01-14T04:11:30.637Z] [INFO] Starting Amplifier Audio Visualizer on port 8080...
[2026-01-14T04:11:31.783Z] [INFO] Browser opened automatically at: http://localhost:8080
[2026-01-14T04:13:19.705Z] [INFO] Received SIGTERM, shutting down gracefully...
[2026-01-14T04:13:21.709Z] [INFO] Goodbye!
[2026-01-14T04:13:27.006Z] [INFO] Checking system prerequisites...
[2026-01-14T04:13:27.064Z] [INFO] Node.js version 22.19.0 detected
[2026-01-14T04:13:27.343Z] [INFO] npm version 11.5.2 detected
[2026-01-14T04:13:27.343Z] [INFO] All required files found
[2026-01-14T04:13:27.343Z] [INFO] Checking dependencies...
[2026-01-14T04:13:27.344Z] [INFO] Installing dependencies...
[2026-01-14T04:13:28.487Z] [INFO] Dependencies installed successfully
[2026-01-14T04:13:28.490Z] [INFO] Port 8080 is available
[2026-01-14T04:13:28.491Z] [INFO] Starting Amplifier Audio Visualizer on port 8080...
[2026-01-14T04:13:29.849Z] [INFO] Browser opened automatically at: http://localhost:8080
[2026-01-14T04:14:38.577Z] [INFO] Received SIGTERM, shutting down gracefully...
[2026-01-14T04:14:40.661Z] [INFO] Goodbye!
[2026-01-14T04:14:54.054Z] [INFO] Checking system prerequisites...
[2026-01-14T04:14:54.111Z] [INFO] Node.js version 22.19.0 detected
[2026-01-14T04:14:54.383Z] [INFO] npm version 11.5.2 detected
[2026-01-14T04:14:54.384Z] [INFO] All required files found
[2026-01-14T04:14:54.384Z] [INFO] Checking dependencies...
[2026-01-14T04:14:54.384Z] [INFO] Installing dependencies...
[2026-01-14T04:14:55.488Z] [INFO] Dependencies installed successfully
[2026-01-14T04:14:55.496Z] [INFO] Port 8080 is available
[2026-01-14T04:14:55.497Z] [INFO] Starting Amplifier Audio Visualizer on port 8080...
[2026-01-14T04:14:56.879Z] [INFO] Browser opened automatically at: http://localhost:8080
[2026-01-14T04:18:18.090Z] [INFO] Received SIGINT, shutting down gracefully...
[2026-01-14T04:18:20.096Z] [INFO] Goodbye!
